# JRE version: OpenJDK Runtime Environment Temurin-17.0.7+7 (17.0.7+7) (build 17.0.7+7)
# Java VM: OpenJDK 64-Bit Server VM Temurin-17.0.7+7 (17.0.7+7, mixed mode, emulated-client, tiered, compressed oops, compressed class ptrs, g1 gc, windows-amd64)
GC Precious Log:
 CPUs: 8 total, 8 available
 Memory: 7900M
 Large Page Support: Disabled
 NUMA Support: Disabled
 Compressed Oops: Enabled (32-bit)
 Heap Region Size: 1M
 Heap Min Capacity: 8M
 Heap Initial Capacity: 124M
 Heap Max Capacity: 1G
 Pre-touch: Disabled
 Parallel Workers: 8
 Concurrent Workers: 2
 Concurrent Refinement Workers: 8
 Periodic GC: Disabled
Heap:
 garbage-first heap   total 150528K, used 44798K [0x00000000c0000000, 0x0000000100000000)
  region size 1024K, 1 young (1024K), 0 survivors (0K)
 Metaspace       used 75194K, committed 75712K, reserved 1114112K
  class space    used 10293K, committed 10560K, reserved 1048576K
GC Heap History (20 events):
Event: 14667.910 GC heap before
{Heap before GC invocations=1334 (full 1043):
 garbage-first heap   total 150528K, used 44798K [0x00000000c0000000, 0x0000000100000000)
  region size 1024K, 1 young (1024K), 0 survivors (0K)
 Metaspace       used 75194K, committed 75712K, reserved 1114112K
  class space    used 10293K, committed 10560K, reserved 1048576K
}
Event: 14667.981 GC heap after
{Heap after GC invocations=1335 (full 1044):
 garbage-first heap   total 150528K, used 44798K [0x00000000c0000000, 0x0000000100000000)
  region size 1024K, 0 young (0K), 0 survivors (0K)
 Metaspace       used 75194K, committed 75712K, reserved 1114112K
  class space    used 10293K, committed 10560K, reserved 1048576K
}
Event: 14678.228 GC heap before
{Heap before GC invocations=1335 (full 1044):
 garbage-first heap   total 150528K, used 44798K [0x00000000c0000000, 0x0000000100000000)
  region size 1024K, 1 young (1024K), 0 survivors (0K)
 Metaspace       used 75194K, committed 75712K, reserved 1114112K
  class space    used 10293K, committed 10560K, reserved 1048576K
}
Event: 14678.297 GC heap after
{Heap after GC invocations=1336 (full 1045):
 garbage-first heap   total 150528K, used 44798K [0x00000000c0000000, 0x0000000100000000)
  region size 1024K, 0 young (0K), 0 survivors (0K)
 Metaspace       used 75194K, committed 75712K, reserved 1114112K
  class space    used 10293K, committed 10560K, reserved 1048576K
}
Event: 14688.547 GC heap before
{Heap before GC invocations=1336 (full 1045):
 garbage-first heap   total 150528K, used 44798K [0x00000000c0000000, 0x0000000100000000)
  region size 1024K, 1 young (1024K), 0 survivors (0K)
 Metaspace       used 75194K, committed 75712K, reserved 1114112K
  class space    used 10293K, committed 10560K, reserved 1048576K
}
Event: 14688.624 GC heap after
{Heap after GC invocations=1337 (full 1046):
 garbage-first heap   total 150528K, used 44798K [0x00000000c0000000, 0x0000000100000000)
  region size 1024K, 0 young (0K), 0 survivors (0K)
 Metaspace       used 75194K, committed 75712K, reserved 1114112K
  class space    used 10293K, committed 10560K, reserved 1048576K
}
Event: 14698.930 GC heap before
{Heap before GC invocations=1337 (full 1046):
 garbage-first heap   total 150528K, used 44798K [0x00000000c0000000, 0x0000000100000000)
  region size 1024K, 1 young (1024K), 0 survivors (0K)
 Metaspace       used 75194K, committed 75712K, reserved 1114112K
  class space    used 10293K, committed 10560K, reserved 1048576K
}
Event: 14699.010 GC heap after
{Heap after GC invocations=1338 (full 1047):
 garbage-first heap   total 150528K, used 44798K [0x00000000c0000000, 0x0000000100000000)
  region size 1024K, 0 young (0K), 0 survivors (0K)
 Metaspace       used 75194K, committed 75712K, reserved 1114112K
  class space    used 10293K, committed 10560K, reserved 1048576K
}
Event: 14709.576 GC heap before
{Heap before GC invocations=1338 (full 1047):
 garbage-first heap   total 150528K, used 44798K [0x00000000c0000000, 0x0000000100000000)
  region size 1024K, 1 young (1024K), 0 survivors (0K)
 Metaspace       used 75194K, committed 75712K, reserved 1114112K
  class space    used 10293K, committed 10560K, reserved 1048576K
}
Event: 14710.262 GC heap after
{Heap after GC invocations=1339 (full 1048):
 garbage-first heap   total 150528K, used 44798K [0x00000000c0000000, 0x0000000100000000)
  region size 1024K, 0 young (0K), 0 survivors (0K)
 Metaspace       used 75194K, committed 75712K, reserved 1114112K
  class space    used 10293K, committed 10560K, reserved 1048576K
}
Event: 14720.838 GC heap before
{Heap before GC invocations=1339 (full 1048):
 garbage-first heap   total 150528K, used 44798K [0x00000000c0000000, 0x0000000100000000)
  region size 1024K, 1 young (1024K), 0 survivors (0K)
 Metaspace       used 75194K, committed 75712K, reserved 1114112K
  class space    used 10293K, committed 10560K, reserved 1048576K
}
Event: 14720.920 GC heap after
{Heap after GC invocations=1340 (full 1049):
 garbage-first heap   total 150528K, used 44798K [0x00000000c0000000, 0x0000000100000000)
  region size 1024K, 0 young (0K), 0 survivors (0K)
 Metaspace       used 75194K, committed 75712K, reserved 1114112K
  class space    used 10293K, committed 10560K, reserved 1048576K
}
Event: 14731.508 GC heap before
{Heap before GC invocations=1340 (full 1049):
 garbage-first heap   total 150528K, used 44798K [0x00000000c0000000, 0x0000000100000000)
  region size 1024K, 1 young (1024K), 0 survivors (0K)
 Metaspace       used 75194K, committed 75712K, reserved 1114112K
  class space    used 10293K, committed 10560K, reserved 1048576K
}
Event: 14731.621 GC heap after
{Heap after GC invocations=1341 (full 1050):
 garbage-first heap   total 150528K, used 44798K [0x00000000c0000000, 0x0000000100000000)
  region size 1024K, 0 young (0K), 0 survivors (0K)
 Metaspace       used 75194K, committed 75712K, reserved 1114112K
  class space    used 10293K, committed 10560K, reserved 1048576K
}
Event: 14742.317 GC heap before
{Heap before GC invocations=1341 (full 1050):
 garbage-first heap   total 150528K, used 44798K [0x00000000c0000000, 0x0000000100000000)
  region size 1024K, 1 young (1024K), 0 survivors (0K)
 Metaspace       used 75194K, committed 75712K, reserved 1114112K
  class space    used 10293K, committed 10560K, reserved 1048576K
}
Event: 14742.415 GC heap after
{Heap after GC invocations=1342 (full 1051):
 garbage-first heap   total 150528K, used 44798K [0x00000000c0000000, 0x0000000100000000)
  region size 1024K, 0 young (0K), 0 survivors (0K)
 Metaspace       used 75194K, committed 75712K, reserved 1114112K
  class space    used 10293K, committed 10560K, reserved 1048576K
}
Event: 14753.611 GC heap before
{Heap before GC invocations=1342 (full 1051):
 garbage-first heap   total 150528K, used 44798K [0x00000000c0000000, 0x0000000100000000)
  region size 1024K, 1 young (1024K), 0 survivors (0K)
 Metaspace       used 75194K, committed 75712K, reserved 1114112K
  class space    used 10293K, committed 10560K, reserved 1048576K
}
Event: 14754.457 GC heap after
{Heap after GC invocations=1343 (full 1052):
 garbage-first heap   total 150528K, used 44798K [0x00000000c0000000, 0x0000000100000000)
  region size 1024K, 0 young (0K), 0 survivors (0K)
 Metaspace       used 75194K, committed 75712K, reserved 1114112K
  class space    used 10293K, committed 10560K, reserved 1048576K
}
Event: 14765.144 GC heap before
{Heap before GC invocations=1343 (full 1052):
 garbage-first heap   total 150528K, used 44798K [0x00000000c0000000, 0x0000000100000000)
  region size 1024K, 1 young (1024K), 0 survivors (0K)
 Metaspace       used 75194K, committed 75712K, reserved 1114112K
  class space    used 10293K, committed 10560K, reserved 1048576K
}
Event: 14765.241 GC heap after
{Heap after GC invocations=1344 (full 1053):
 garbage-first heap   total 150528K, used 44798K [0x00000000c0000000, 0x0000000100000000)
  region size 1024K, 0 young (0K), 0 survivors (0K)
 Metaspace       used 75194K, committed 75712K, reserved 1114112K
  class space    used 10293K, committed 10560K, reserved 1048576K
}

